TN:
SF:src\App.jsx
FN:30,LoadingScreen
FN:41,App
FN:55,(anonymous_2)
FN:65,(anonymous_3)
FN:75,(anonymous_4)
FN:83,(anonymous_5)
FN:83,(anonymous_6)
FN:86,(anonymous_7)
FN:93,(anonymous_8)
FN:95,(anonymous_9)
FN:102,(anonymous_10)
FN:106,(anonymous_11)
FN:127,(anonymous_12)
FN:134,(anonymous_13)
FN:274,(anonymous_14)
FN:275,(anonymous_15)
FNF:16
FNH:0
FNDA:0,LoadingScreen
FNDA:0,App
FNDA:0,(anonymous_2)
FNDA:0,(anonymous_3)
FNDA:0,(anonymous_4)
FNDA:0,(anonymous_5)
FNDA:0,(anonymous_6)
FNDA:0,(anonymous_7)
FNDA:0,(anonymous_8)
FNDA:0,(anonymous_9)
FNDA:0,(anonymous_10)
FNDA:0,(anonymous_11)
FNDA:0,(anonymous_12)
FNDA:0,(anonymous_13)
FNDA:0,(anonymous_14)
FNDA:0,(anonymous_15)
DA:31,0
DA:42,0
DA:43,0
DA:44,0
DA:51,0
DA:55,0
DA:60,0
DA:64,0
DA:65,0
DA:66,0
DA:67,0
DA:68,0
DA:69,0
DA:70,0
DA:75,0
DA:76,0
DA:77,0
DA:78,0
DA:79,0
DA:83,0
DA:86,0
DA:87,0
DA:88,0
DA:89,0
DA:93,0
DA:94,0
DA:95,0
DA:96,0
DA:97,0
DA:99,0
DA:101,0
DA:102,0
DA:103,0
DA:105,0
DA:106,0
DA:110,0
DA:113,0
DA:117,0
DA:119,0
DA:121,0
DA:122,0
DA:127,0
DA:135,0
DA:136,0
DA:142,0
DA:144,0
DA:146,0
DA:153,0
DA:274,0
DA:275,0
LF:50
LH:0
BRDA:55,0,0,0
BRDA:55,0,1,0
BRDA:66,1,0,0
BRDA:66,1,1,0
BRDA:69,2,0,0
BRDA:69,2,1,0
BRDA:69,3,0,0
BRDA:69,3,1,0
BRDA:76,4,0,0
BRDA:76,4,1,0
BRDA:76,5,0,0
BRDA:76,5,1,0
BRDA:78,6,0,0
BRDA:78,6,1,0
BRDA:79,7,0,0
BRDA:79,7,1,0
BRDA:79,8,0,0
BRDA:79,8,1,0
BRDA:81,9,0,0
BRDA:81,9,1,0
BRDA:83,10,0,0
BRDA:83,10,1,0
BRDA:94,11,0,0
BRDA:94,11,1,0
BRDA:96,12,0,0
BRDA:96,12,1,0
BRDA:96,12,2,0
BRDA:103,13,0,0
BRDA:103,13,1,0
BRDA:103,14,0,0
BRDA:103,14,1,0
BRDA:110,15,0,0
BRDA:110,15,1,0
BRDA:113,16,0,0
BRDA:113,16,1,0
BRDA:113,17,0,0
BRDA:113,17,1,0
BRDA:117,18,0,0
BRDA:117,18,1,0
BRDA:119,19,0,0
BRDA:119,19,1,0
BRDA:119,20,0,0
BRDA:119,20,1,0
BRDA:121,21,0,0
BRDA:121,21,1,0
BRDA:121,22,0,0
BRDA:121,22,1,0
BRDA:121,23,0,0
BRDA:121,23,1,0
BRDA:124,24,0,0
BRDA:124,24,1,0
BRDA:142,25,0,0
BRDA:142,25,1,0
BRDA:144,26,0,0
BRDA:144,26,1,0
BRDA:147,27,0,0
BRDA:147,27,1,0
BRDA:165,28,0,0
BRDA:165,28,1,0
BRDA:182,29,0,0
BRDA:182,29,1,0
BRDA:187,30,0,0
BRDA:187,30,1,0
BRDA:212,31,0,0
BRDA:212,31,1,0
BRDA:217,32,0,0
BRDA:217,32,1,0
BRDA:229,33,0,0
BRDA:229,33,1,0
BRDA:238,34,0,0
BRDA:238,34,1,0
BRDA:238,34,2,0
BRDA:249,35,0,0
BRDA:249,35,1,0
BRDA:267,36,0,0
BRDA:267,36,1,0
BRF:76
BRH:0
end_of_record
TN:
SF:src\firebase.js
FNF:0
FNH:0
DA:5,0
DA:15,0
DA:16,0
DA:17,0
DA:18,0
DA:19,0
DA:20,0
LF:7
LH:0
BRDA:19,0,0,0
BRDA:19,0,1,0
BRDA:20,1,0,0
BRDA:20,1,1,0
BRF:4
BRH:0
end_of_record
TN:
SF:src\main.jsx
FNF:0
FNH:0
DA:8,0
LF:1
LH:0
BRF:0
BRH:0
end_of_record
TN:
SF:src\components\LoginScreen.jsx
FN:6,LoginScreen
FN:12,(anonymous_1)
FN:54,(anonymous_2)
FN:64,(anonymous_3)
FN:78,(anonymous_4)
FN:92,(anonymous_5)
FNF:6
FNH:0
FNDA:0,LoginScreen
FNDA:0,(anonymous_1)
FNDA:0,(anonymous_2)
FNDA:0,(anonymous_3)
FNDA:0,(anonymous_4)
FNDA:0,(anonymous_5)
DA:7,0
DA:8,0
DA:9,0
DA:10,0
DA:12,0
DA:13,0
DA:14,0
DA:15,0
DA:16,0
DA:17,0
DA:19,0
DA:22,0
DA:26,0
DA:54,0
DA:64,0
DA:78,0
DA:92,0
LF:17
LH:0
BRDA:16,0,0,0
BRDA:16,0,1,0
BRDA:41,1,0,0
BRDA:41,1,1,0
BRDA:71,2,0,0
BRDA:71,2,1,0
BRDA:81,3,0,0
BRDA:81,3,1,0
BRF:8
BRH:0
end_of_record
TN:
SF:src\components\SettingsView.jsx
FN:9,SettingsView
FN:22,(anonymous_1)
FN:23,(anonymous_2)
FN:31,(anonymous_3)
FN:34,(anonymous_4)
FN:36,(anonymous_5)
FN:40,(anonymous_6)
FN:56,(anonymous_7)
FN:65,(anonymous_8)
FN:78,(anonymous_9)
FN:118,(anonymous_10)
FN:126,(anonymous_11)
FN:139,(anonymous_12)
FN:183,(anonymous_13)
FN:184,(anonymous_14)
FN:185,(anonymous_15)
FN:192,(anonymous_16)
FN:214,ThemeOption
FNF:18
FNH:0
FNDA:0,SettingsView
FNDA:0,(anonymous_1)
FNDA:0,(anonymous_2)
FNDA:0,(anonymous_3)
FNDA:0,(anonymous_4)
FNDA:0,(anonymous_5)
FNDA:0,(anonymous_6)
FNDA:0,(anonymous_7)
FNDA:0,(anonymous_8)
FNDA:0,(anonymous_9)
FNDA:0,(anonymous_10)
FNDA:0,(anonymous_11)
FNDA:0,(anonymous_12)
FNDA:0,(anonymous_13)
FNDA:0,(anonymous_14)
FNDA:0,(anonymous_15)
FNDA:0,(anonymous_16)
FNDA:0,ThemeOption
DA:10,0
DA:12,0
DA:13,0
DA:14,0
DA:17,0
DA:18,0
DA:19,0
DA:20,0
DA:22,0
DA:23,0
DA:24,0
DA:25,0
DA:27,0
DA:28,0
DA:31,0
DA:32,0
DA:33,0
DA:34,0
DA:36,0
DA:40,0
DA:41,0
DA:42,0
DA:43,0
DA:44,0
DA:45,0
DA:47,0
DA:49,0
DA:50,0
DA:52,0
DA:56,0
DA:57,0
DA:58,0
DA:59,0
DA:61,0
DA:65,0
DA:66,0
DA:67,0
DA:70,0
DA:79,0
DA:80,0
DA:118,0
DA:126,0
DA:139,0
DA:183,0
DA:184,0
DA:185,0
DA:192,0
DA:215,0
LF:48
LH:0
BRDA:12,0,0,0
BRDA:12,0,1,0
BRDA:24,1,0,0
BRDA:24,1,1,0
BRDA:24,1,2,0
BRDA:32,2,0,0
BRDA:32,2,1,0
BRDA:32,3,0,0
BRDA:32,3,1,0
BRDA:34,4,0,0
BRDA:34,4,1,0
BRDA:44,5,0,0
BRDA:44,5,1,0
BRDA:79,6,0,0
BRDA:79,6,1,0
BRDA:80,7,0,0
BRDA:80,7,1,0
BRDA:97,8,0,0
BRDA:97,8,1,0
BRDA:104,9,0,0
BRDA:104,9,1,0
BRDA:106,10,0,0
BRDA:106,10,1,0
BRDA:132,11,0,0
BRDA:132,11,1,0
BRDA:142,12,0,0
BRDA:142,12,1,0
BRDA:198,13,0,0
BRDA:198,13,1,0
BRDA:201,14,0,0
BRDA:201,14,1,0
BRDA:205,15,0,0
BRDA:205,15,1,0
BRDA:220,16,0,0
BRDA:220,16,1,0
BRF:35
BRH:0
end_of_record
TN:
SF:src\components\StudioSelector.jsx
FN:6,StudioSelector
FN:10,(anonymous_1)
FN:11,(anonymous_2)
FN:14,(anonymous_3)
FN:49,(anonymous_4)
FN:52,(anonymous_5)
FNF:6
FNH:0
FNDA:0,StudioSelector
FNDA:0,(anonymous_1)
FNDA:0,(anonymous_2)
FNDA:0,(anonymous_3)
FNDA:0,(anonymous_4)
FNDA:0,(anonymous_5)
DA:7,0
DA:8,0
DA:10,0
DA:11,0
DA:12,0
DA:13,0
DA:14,0
DA:18,0
DA:20,0
DA:22,0
DA:26,0
DA:29,0
DA:50,0
DA:52,0
LF:14
LH:0
BRDA:41,0,0,0
BRDA:41,0,1,0
BRDA:48,1,0,0
BRDA:48,1,1,0
BRDA:56,2,0,0
BRDA:56,2,1,0
BRF:6
BRH:0
end_of_record
TN:
SF:src\components\admin\ActEditor.jsx
FNF:0
FNH:0
LF:0
LH:0
BRF:0
BRH:0
end_of_record
TN:
SF:src\components\admin\AdminDashboard.jsx
FN:29,formatShowDate
FN:38,downloadCsvTemplate
FN:53,AdminDashboard
FN:92,(anonymous_3)
FN:93,(anonymous_4)
FN:101,(anonymous_5)
FN:105,(anonymous_6)
FN:110,(anonymous_7)
FN:114,(anonymous_8)
FN:122,(anonymous_9)
FN:124,(anonymous_10)
FN:129,(anonymous_11)
FN:132,(anonymous_12)
FN:134,(anonymous_13)
FN:134,(anonymous_14)
FN:144,(anonymous_15)
FN:147,(anonymous_16)
FN:160,(anonymous_17)
FN:165,(anonymous_18)
FN:170,(anonymous_19)
FN:177,(anonymous_20)
FN:180,(anonymous_21)
FN:187,(anonymous_22)
FN:190,(anonymous_23)
FN:191,(anonymous_24)
FN:192,(anonymous_25)
FN:199,(anonymous_26)
FN:208,(anonymous_27)
FN:210,(anonymous_28)
FN:214,(anonymous_29)
FN:219,(anonymous_30)
FN:220,(anonymous_31)
FN:227,(anonymous_32)
FN:231,(anonymous_33)
FN:248,(anonymous_34)
FN:255,(anonymous_35)
FN:255,(anonymous_36)
FN:260,(anonymous_37)
FN:274,(anonymous_38)
FN:328,(anonymous_39)
FN:346,(anonymous_40)
FN:355,(anonymous_41)
FN:368,(anonymous_42)
FN:379,(anonymous_43)
FN:382,(anonymous_44)
FN:382,(anonymous_45)
FN:388,(anonymous_46)
FN:399,(anonymous_47)
FN:401,(anonymous_48)
FN:407,(anonymous_49)
FN:442,(anonymous_50)
FN:460,(anonymous_51)
FN:460,(anonymous_52)
FN:471,(anonymous_53)
FN:479,(anonymous_54)
FN:484,(anonymous_55)
FN:484,(anonymous_56)
FN:486,(anonymous_57)
FN:491,(anonymous_58)
FN:496,(anonymous_59)
FN:496,(anonymous_60)
FN:499,(anonymous_61)
FN:506,(anonymous_62)
FN:511,(anonymous_63)
FN:516,(anonymous_64)
FN:522,(anonymous_65)
FN:538,(anonymous_66)
FN:560,(anonymous_67)
FN:560,(anonymous_68)
FN:563,(anonymous_69)
FN:593,(anonymous_70)
FN:604,(anonymous_71)
FN:630,(anonymous_72)
FN:686,(anonymous_73)
FN:722,(anonymous_74)
FN:731,(anonymous_75)
FN:740,(anonymous_76)
FN:758,(anonymous_77)
FN:763,(anonymous_78)
FN:794,(anonymous_79)
FN:818,(anonymous_80)
FN:849,(anonymous_81)
FN:886,(anonymous_82)
FN:892,(anonymous_83)
FN:906,(anonymous_84)
FN:909,(anonymous_85)
FN:961,(anonymous_86)
FN:967,(anonymous_87)
FN:1011,(anonymous_88)
FN:1020,(anonymous_89)
FN:1022,(anonymous_90)
FN:1028,(anonymous_91)
FN:1029,(anonymous_92)
FN:1029,(anonymous_93)
FN:1077,(anonymous_94)
FN:1100,(anonymous_95)
FN:1107,(anonymous_96)
FN:1110,(anonymous_97)
FN:1125,(anonymous_98)
FN:1130,(anonymous_99)
FN:1201,(anonymous_100)
FN:1205,(anonymous_101)
FN:1205,(anonymous_102)
FN:1223,(anonymous_103)
FN:1224,(anonymous_104)
FN:1232,(anonymous_105)
FN:1262,(anonymous_106)
FN:1271,(anonymous_107)
FN:1323,(anonymous_108)
FN:1368,(anonymous_109)
FN:1430,SortableActCard
FN:1460,(anonymous_111)
FN:1466,(anonymous_112)
FN:1470,(anonymous_113)
FNF:114
FNH:0
FNDA:0,formatShowDate
FNDA:0,downloadCsvTemplate
FNDA:0,AdminDashboard
FNDA:0,(anonymous_3)
FNDA:0,(anonymous_4)
FNDA:0,(anonymous_5)
FNDA:0,(anonymous_6)
FNDA:0,(anonymous_7)
FNDA:0,(anonymous_8)
FNDA:0,(anonymous_9)
FNDA:0,(anonymous_10)
FNDA:0,(anonymous_11)
FNDA:0,(anonymous_12)
FNDA:0,(anonymous_13)
FNDA:0,(anonymous_14)
FNDA:0,(anonymous_15)
FNDA:0,(anonymous_16)
FNDA:0,(anonymous_17)
FNDA:0,(anonymous_18)
FNDA:0,(anonymous_19)
FNDA:0,(anonymous_20)
FNDA:0,(anonymous_21)
FNDA:0,(anonymous_22)
FNDA:0,(anonymous_23)
FNDA:0,(anonymous_24)
FNDA:0,(anonymous_25)
FNDA:0,(anonymous_26)
FNDA:0,(anonymous_27)
FNDA:0,(anonymous_28)
FNDA:0,(anonymous_29)
FNDA:0,(anonymous_30)
FNDA:0,(anonymous_31)
FNDA:0,(anonymous_32)
FNDA:0,(anonymous_33)
FNDA:0,(anonymous_34)
FNDA:0,(anonymous_35)
FNDA:0,(anonymous_36)
FNDA:0,(anonymous_37)
FNDA:0,(anonymous_38)
FNDA:0,(anonymous_39)
FNDA:0,(anonymous_40)
FNDA:0,(anonymous_41)
FNDA:0,(anonymous_42)
FNDA:0,(anonymous_43)
FNDA:0,(anonymous_44)
FNDA:0,(anonymous_45)
FNDA:0,(anonymous_46)
FNDA:0,(anonymous_47)
FNDA:0,(anonymous_48)
FNDA:0,(anonymous_49)
FNDA:0,(anonymous_50)
FNDA:0,(anonymous_51)
FNDA:0,(anonymous_52)
FNDA:0,(anonymous_53)
FNDA:0,(anonymous_54)
FNDA:0,(anonymous_55)
FNDA:0,(anonymous_56)
FNDA:0,(anonymous_57)
FNDA:0,(anonymous_58)
FNDA:0,(anonymous_59)
FNDA:0,(anonymous_60)
FNDA:0,(anonymous_61)
FNDA:0,(anonymous_62)
FNDA:0,(anonymous_63)
FNDA:0,(anonymous_64)
FNDA:0,(anonymous_65)
FNDA:0,(anonymous_66)
FNDA:0,(anonymous_67)
FNDA:0,(anonymous_68)
FNDA:0,(anonymous_69)
FNDA:0,(anonymous_70)
FNDA:0,(anonymous_71)
FNDA:0,(anonymous_72)
FNDA:0,(anonymous_73)
FNDA:0,(anonymous_74)
FNDA:0,(anonymous_75)
FNDA:0,(anonymous_76)
FNDA:0,(anonymous_77)
FNDA:0,(anonymous_78)
FNDA:0,(anonymous_79)
FNDA:0,(anonymous_80)
FNDA:0,(anonymous_81)
FNDA:0,(anonymous_82)
FNDA:0,(anonymous_83)
FNDA:0,(anonymous_84)
FNDA:0,(anonymous_85)
FNDA:0,(anonymous_86)
FNDA:0,(anonymous_87)
FNDA:0,(anonymous_88)
FNDA:0,(anonymous_89)
FNDA:0,(anonymous_90)
FNDA:0,(anonymous_91)
FNDA:0,(anonymous_92)
FNDA:0,(anonymous_93)
FNDA:0,(anonymous_94)
FNDA:0,(anonymous_95)
FNDA:0,(anonymous_96)
FNDA:0,(anonymous_97)
FNDA:0,(anonymous_98)
FNDA:0,(anonymous_99)
FNDA:0,(anonymous_100)
FNDA:0,(anonymous_101)
FNDA:0,(anonymous_102)
FNDA:0,(anonymous_103)
FNDA:0,(anonymous_104)
FNDA:0,(anonymous_105)
FNDA:0,(anonymous_106)
FNDA:0,(anonymous_107)
FNDA:0,(anonymous_108)
FNDA:0,(anonymous_109)
FNDA:0,SortableActCard
FNDA:0,(anonymous_111)
FNDA:0,(anonymous_112)
FNDA:0,(anonymous_113)
DA:30,0
DA:31,0
DA:32,0
DA:33,0
DA:34,0
DA:39,0
DA:45,0
DA:46,0
DA:47,0
DA:48,0
DA:49,0
DA:50,0
DA:54,0
DA:56,0
DA:57,0
DA:60,0
DA:61,0
DA:62,0
DA:63,0
DA:64,0
DA:65,0
DA:68,0
DA:69,0
DA:70,0
DA:71,0
DA:74,0
DA:75,0
DA:78,0
DA:79,0
DA:81,0
DA:82,0
DA:84,0
DA:92,0
DA:93,0
DA:94,0
DA:95,0
DA:96,0
DA:98,0
DA:101,0
DA:102,0
DA:103,0
DA:104,0
DA:105,0
DA:106,0
DA:107,0
DA:110,0
DA:111,0
DA:114,0
DA:115,0
DA:116,0
DA:118,0
DA:122,0
DA:123,0
DA:124,0
DA:129,0
DA:130,0
DA:131,0
DA:132,0
DA:134,0
DA:137,0
DA:142,0
DA:143,0
DA:144,0
DA:146,0
DA:147,0
DA:148,0
DA:149,0
DA:157,0
DA:159,0
DA:160,0
DA:161,0
DA:162,0
DA:165,0
DA:166,0
DA:167,0
DA:169,0
DA:170,0
DA:171,0
DA:172,0
DA:173,0
DA:174,0
DA:177,0
DA:178,0
DA:179,0
DA:180,0
DA:182,0
DA:184,0
DA:187,0
DA:188,0
DA:189,0
DA:190,0
DA:191,0
DA:192,0
DA:193,0
DA:199,0
DA:200,0
DA:201,0
DA:202,0
DA:205,0
DA:209,0
DA:210,0
DA:214,0
DA:217,0
DA:218,0
DA:219,0
DA:220,0
DA:221,0
DA:222,0
DA:224,0
DA:226,0
DA:227,0
DA:231,0
DA:234,0
DA:236,0
DA:244,0
DA:245,0
DA:246,0
DA:248,0
DA:249,0
DA:250,0
DA:251,0
DA:253,0
DA:254,0
DA:255,0
DA:257,0
DA:261,0
DA:262,0
DA:263,0
DA:266,0
DA:267,0
DA:268,0
DA:269,0
DA:270,0
DA:271,0
DA:274,0
DA:278,0
DA:279,0
DA:281,0
DA:283,0
DA:284,0
DA:286,0
DA:288,0
DA:289,0
DA:291,0
DA:294,0
DA:300,0
DA:301,0
DA:302,0
DA:303,0
DA:304,0
DA:305,0
DA:312,0
DA:316,0
DA:325,0
DA:328,0
DA:331,0
DA:334,0
DA:335,0
DA:336,0
DA:338,0
DA:339,0
DA:341,0
DA:343,0
DA:347,0
DA:348,0
DA:355,0
DA:356,0
DA:357,0
DA:358,0
DA:359,0
DA:360,0
DA:361,0
DA:362,0
DA:363,0
DA:364,0
DA:365,0
DA:368,0
DA:369,0
DA:370,0
DA:371,0
DA:372,0
DA:373,0
DA:376,0
DA:377,0
DA:379,0
DA:380,0
DA:381,0
DA:382,0
DA:384,0
DA:386,0
DA:387,0
DA:388,0
DA:389,0
DA:392,0
DA:393,0
DA:394,0
DA:395,0
DA:396,0
DA:397,0
DA:399,0
DA:400,0
DA:401,0
DA:404,0
DA:405,0
DA:406,0
DA:407,0
DA:408,0
DA:410,0
DA:413,0
DA:416,0
DA:417,0
DA:418,0
DA:422,0
DA:423,0
DA:424,0
DA:428,0
DA:429,0
DA:430,0
DA:433,0
DA:434,0
DA:435,0
DA:437,0
DA:438,0
DA:439,0
DA:440,0
DA:441,0
DA:442,0
DA:443,0
DA:444,0
DA:445,0
DA:448,0
DA:450,0
DA:451,0
DA:454,0
DA:455,0
DA:456,0
DA:457,0
DA:458,0
DA:460,0
DA:462,0
DA:463,0
DA:465,0
DA:471,0
DA:472,0
DA:473,0
DA:474,0
DA:475,0
DA:479,0
DA:480,0
DA:481,0
DA:482,0
DA:483,0
DA:484,0
DA:485,0
DA:486,0
DA:487,0
DA:488,0
DA:491,0
DA:492,0
DA:493,0
DA:494,0
DA:495,0
DA:496,0
DA:497,0
DA:498,0
DA:499,0
DA:500,0
DA:501,0
DA:506,0
DA:507,0
DA:508,0
DA:509,0
DA:510,0
DA:511,0
DA:512,0
DA:513,0
DA:516,0
DA:517,0
DA:522,0
DA:528,0
DA:538,0
DA:560,0
DA:561,0
DA:563,0
DA:593,0
DA:604,0
DA:630,0
DA:687,0
DA:722,0
DA:731,0
DA:740,0
DA:759,0
DA:760,0
DA:764,0
DA:765,0
DA:767,0
DA:794,0
DA:818,0
DA:849,0
DA:886,0
DA:892,0
DA:907,0
DA:909,0
DA:961,0
DA:967,0
DA:1011,0
DA:1020,0
DA:1023,0
DA:1029,0
DA:1030,0
DA:1077,0
DA:1100,0
DA:1107,0
DA:1111,0
DA:1112,0
DA:1126,0
DA:1127,0
DA:1131,0
DA:1132,0
DA:1133,0
DA:1202,0
DA:1205,0
DA:1223,0
DA:1225,0
DA:1226,0
DA:1227,0
DA:1233,0
DA:1234,0
DA:1235,0
DA:1263,0
DA:1272,0
DA:1273,0
DA:1274,0
DA:1275,0
DA:1276,0
DA:1277,0
DA:1324,0
DA:1369,0
DA:1431,0
DA:1432,0
DA:1439,0
DA:1460,0
DA:1466,0
DA:1470,0
LF:344
LH:0
BRDA:32,0,0,0
BRDA:32,0,1,0
BRDA:81,1,0,0
BRDA:81,1,1,0
BRDA:94,2,0,0
BRDA:94,2,1,0
BRDA:96,3,0,0
BRDA:96,3,1,0
BRDA:111,4,0,0
BRDA:111,4,1,0
BRDA:111,5,0,0
BRDA:111,5,1,0
BRDA:111,5,2,0
BRDA:115,6,0,0
BRDA:115,6,1,0
BRDA:115,7,0,0
BRDA:115,7,1,0
BRDA:122,8,0,0
BRDA:130,9,0,0
BRDA:130,9,1,0
BRDA:146,10,0,0
BRDA:146,10,1,0
BRDA:167,11,0,0
BRDA:167,11,1,0
BRDA:167,12,0,0
BRDA:167,12,1,0
BRDA:167,12,2,0
BRDA:179,13,0,0
BRDA:179,13,1,0
BRDA:179,14,0,0
BRDA:179,14,1,0
BRDA:189,15,0,0
BRDA:189,15,1,0
BRDA:189,16,0,0
BRDA:189,16,1,0
BRDA:189,16,2,0
BRDA:201,17,0,0
BRDA:201,17,1,0
BRDA:201,18,0,0
BRDA:201,18,1,0
BRDA:212,19,0,0
BRDA:212,19,1,0
BRDA:213,20,0,0
BRDA:213,20,1,0
BRDA:214,21,0,0
BRDA:214,21,1,0
BRDA:250,22,0,0
BRDA:250,22,1,0
BRDA:251,23,0,0
BRDA:251,23,1,0
BRDA:263,24,0,0
BRDA:263,24,1,0
BRDA:268,25,0,0
BRDA:268,25,1,0
BRDA:269,26,0,0
BRDA:269,26,1,0
BRDA:270,27,0,0
BRDA:270,27,1,0
BRDA:272,28,0,0
BRDA:272,28,1,0
BRDA:273,29,0,0
BRDA:273,29,1,0
BRDA:273,30,0,0
BRDA:273,30,1,0
BRDA:274,31,0,0
BRDA:274,31,1,0
BRDA:279,32,0,0
BRDA:279,32,1,0
BRDA:356,33,0,0
BRDA:356,33,1,0
BRDA:356,34,0,0
BRDA:356,34,1,0
BRDA:359,35,0,0
BRDA:359,35,1,0
BRDA:364,36,0,0
BRDA:364,36,1,0
BRDA:397,37,0,0
BRDA:397,37,1,0
BRDA:401,38,0,0
BRDA:401,38,1,0
BRDA:441,39,0,0
BRDA:441,39,1,0
BRDA:441,40,0,0
BRDA:441,40,1,0
BRDA:443,41,0,0
BRDA:443,41,1,0
BRDA:454,42,0,0
BRDA:454,42,1,0
BRDA:458,43,0,0
BRDA:458,43,1,0
BRDA:472,44,0,0
BRDA:472,44,1,0
BRDA:480,45,0,0
BRDA:480,45,1,0
BRDA:492,46,0,0
BRDA:492,46,1,0
BRDA:507,47,0,0
BRDA:507,47,1,0
BRDA:517,48,0,0
BRDA:517,48,1,0
BRDA:517,49,0,0
BRDA:517,49,1,0
BRDA:522,50,0,0
BRDA:522,50,1,0
BRDA:532,51,0,0
BRDA:532,51,1,0
BRDA:532,51,2,0
BRDA:543,52,0,0
BRDA:543,52,1,0
BRDA:546,53,0,0
BRDA:546,53,1,0
BRDA:548,54,0,0
BRDA:548,54,1,0
BRDA:560,55,0,0
BRDA:560,55,1,0
BRDA:566,56,0,0
BRDA:566,56,1,0
BRDA:580,57,0,0
BRDA:580,57,1,0
BRDA:588,58,0,0
BRDA:588,58,1,0
BRDA:588,59,0,0
BRDA:588,59,1,0
BRDA:588,59,2,0
BRDA:596,60,0,0
BRDA:596,60,1,0
BRDA:607,61,0,0
BRDA:607,61,1,0
BRDA:612,62,0,0
BRDA:612,62,1,0
BRDA:618,63,0,0
BRDA:618,63,1,0
BRDA:684,64,0,0
BRDA:684,64,1,0
BRDA:703,65,0,0
BRDA:703,65,1,0
BRDA:711,66,0,0
BRDA:711,66,1,0
BRDA:756,67,0,0
BRDA:756,67,1,0
BRDA:756,67,2,0
BRDA:764,68,0,0
BRDA:764,68,1,0
BRDA:767,69,0,0
BRDA:767,69,1,0
BRDA:771,70,0,0
BRDA:771,70,1,0
BRDA:780,71,0,0
BRDA:780,71,1,0
BRDA:784,72,0,0
BRDA:784,72,1,0
BRDA:791,73,0,0
BRDA:791,73,1,0
BRDA:794,74,0,0
BRDA:794,74,1,0
BRDA:800,75,0,0
BRDA:800,75,1,0
BRDA:812,76,0,0
BRDA:812,76,1,0
BRDA:812,76,2,0
BRDA:827,77,0,0
BRDA:827,77,1,0
BRDA:827,77,2,0
BRDA:834,78,0,0
BRDA:834,78,1,0
BRDA:834,79,0,0
BRDA:834,79,1,0
BRDA:838,80,0,0
BRDA:838,80,1,0
BRDA:843,81,0,0
BRDA:843,81,1,0
BRDA:859,82,0,0
BRDA:859,82,1,0
BRDA:864,83,0,0
BRDA:864,83,1,0
BRDA:870,84,0,0
BRDA:870,84,1,0
BRDA:902,85,0,0
BRDA:902,85,1,0
BRDA:912,86,0,0
BRDA:912,86,1,0
BRDA:926,87,0,0
BRDA:926,87,1,0
BRDA:945,88,0,0
BRDA:945,88,1,0
BRDA:970,89,0,0
BRDA:970,89,1,0
BRDA:987,90,0,0
BRDA:987,90,1,0
BRDA:1039,91,0,0
BRDA:1039,91,1,0
BRDA:1057,92,0,0
BRDA:1057,92,1,0
BRDA:1057,92,2,0
BRDA:1065,93,0,0
BRDA:1065,93,1,0
BRDA:1065,94,0,0
BRDA:1065,94,1,0
BRDA:1074,95,0,0
BRDA:1074,95,1,0
BRDA:1080,96,0,0
BRDA:1080,96,1,0
BRDA:1085,97,0,0
BRDA:1085,97,1,0
BRDA:1091,98,0,0
BRDA:1091,98,1,0
BRDA:1123,99,0,0
BRDA:1123,99,1,0
BRDA:1137,100,0,0
BRDA:1137,100,1,0
BRDA:1146,101,0,0
BRDA:1146,101,1,0
BRDA:1148,102,0,0
BRDA:1148,102,1,0
BRDA:1154,103,0,0
BRDA:1154,103,1,0
BRDA:1154,104,0,0
BRDA:1154,104,1,0
BRDA:1154,105,0,0
BRDA:1154,105,1,0
BRDA:1158,106,0,0
BRDA:1158,106,1,0
BRDA:1163,107,0,0
BRDA:1163,107,1,0
BRDA:1171,108,0,0
BRDA:1171,108,1,0
BRDA:1171,108,2,0
BRDA:1179,109,0,0
BRDA:1179,109,1,0
BRDA:1189,110,0,0
BRDA:1189,110,1,0
BRDA:1189,110,2,0
BRDA:1196,111,0,0
BRDA:1196,111,1,0
BRDA:1201,112,0,0
BRDA:1201,112,1,0
BRDA:1211,113,0,0
BRDA:1211,113,1,0
BRDA:1212,114,0,0
BRDA:1212,114,1,0
BRDA:1225,115,0,0
BRDA:1225,115,1,0
BRDA:1225,116,0,0
BRDA:1225,116,1,0
BRDA:1226,117,0,0
BRDA:1226,117,1,0
BRDA:1233,118,0,0
BRDA:1233,118,1,0
BRDA:1234,119,0,0
BRDA:1234,119,1,0
BRDA:1248,120,0,0
BRDA:1248,120,1,0
BRDA:1248,120,2,0
BRDA:1257,121,0,0
BRDA:1257,121,1,0
BRDA:1260,122,0,0
BRDA:1260,122,1,0
BRDA:1272,123,0,0
BRDA:1272,123,1,0
BRDA:1274,124,0,0
BRDA:1274,124,1,0
BRDA:1276,125,0,0
BRDA:1276,125,1,0
BRDA:1283,126,0,0
BRDA:1283,126,1,0
BRDA:1289,127,0,0
BRDA:1289,127,1,0
BRDA:1301,128,0,0
BRDA:1301,128,1,0
BRDA:1301,128,2,0
BRDA:1306,129,0,0
BRDA:1306,129,1,0
BRDA:1309,130,0,0
BRDA:1309,130,1,0
BRDA:1312,131,0,0
BRDA:1312,131,1,0
BRDA:1325,132,0,0
BRDA:1325,132,1,0
BRDA:1328,133,0,0
BRDA:1328,133,1,0
BRDA:1332,134,0,0
BRDA:1332,134,1,0
BRDA:1341,135,0,0
BRDA:1341,135,1,0
BRDA:1350,136,0,0
BRDA:1350,136,1,0
BRDA:1350,136,2,0
BRDA:1366,137,0,0
BRDA:1366,137,1,0
BRDA:1382,138,0,0
BRDA:1382,138,1,0
BRDA:1385,139,0,0
BRDA:1385,139,1,0
BRDA:1392,140,0,0
BRDA:1392,140,1,0
BRDA:1435,141,0,0
BRDA:1435,141,1,0
BRDA:1436,142,0,0
BRDA:1436,142,1,0
BRDA:1469,143,0,0
BRDA:1469,143,1,0
BRF:301
BRH:0
end_of_record
TN:
SF:src\components\admin\LiveShowController.jsx
FN:5,LiveShowController
FN:11,(anonymous_1)
FN:13,(anonymous_2)
FN:16,(anonymous_3)
FN:20,(anonymous_4)
FN:25,(anonymous_5)
FN:26,(anonymous_6)
FN:32,(anonymous_7)
FN:122,(anonymous_8)
FN:125,(anonymous_9)
FNF:10
FNH:0
FNDA:0,LiveShowController
FNDA:0,(anonymous_1)
FNDA:0,(anonymous_2)
FNDA:0,(anonymous_3)
FNDA:0,(anonymous_4)
FNDA:0,(anonymous_5)
FNDA:0,(anonymous_6)
FNDA:0,(anonymous_7)
FNDA:0,(anonymous_8)
FNDA:0,(anonymous_9)
DA:6,0
DA:7,0
DA:8,0
DA:9,0
DA:11,0
DA:12,0
DA:13,0
DA:16,0
DA:17,0
DA:20,0
DA:21,0
DA:25,0
DA:26,0
DA:27,0
DA:28,0
DA:29,0
DA:31,0
DA:32,0
DA:35,0
DA:123,0
DA:125,0
LF:21
LH:0
BRDA:6,0,0,0
BRDA:6,0,1,0
BRDA:8,1,0,0
BRDA:8,1,1,0
BRDA:9,2,0,0
BRDA:9,2,1,0
BRDA:17,3,0,0
BRDA:17,3,1,0
BRDA:21,4,0,0
BRDA:21,4,1,0
BRDA:27,5,0,0
BRDA:27,5,1,0
BRDA:28,6,0,0
BRDA:28,6,1,0
BRDA:28,7,0,0
BRDA:28,7,1,0
BRDA:29,8,0,0
BRDA:29,8,1,0
BRDA:41,9,0,0
BRDA:41,9,1,0
BRDA:43,10,0,0
BRDA:43,10,1,0
BRDA:51,11,0,0
BRDA:51,11,1,0
BRDA:56,12,0,0
BRDA:56,12,1,0
BRDA:77,13,0,0
BRDA:77,13,1,0
BRDA:79,14,0,0
BRDA:79,14,1,0
BRDA:95,15,0,0
BRDA:95,15,1,0
BRDA:119,16,0,0
BRDA:119,16,1,0
BRDA:133,17,0,0
BRDA:133,17,1,0
BRDA:134,18,0,0
BRDA:134,18,1,0
BRF:38
BRH:0
end_of_record
TN:
SF:src\components\admin\PerformerEditor.jsx
FN:5,PerformerEditor
FN:8,(anonymous_1)
FN:15,(anonymous_2)
FN:16,(anonymous_3)
FN:19,(anonymous_4)
FN:28,(anonymous_5)
FN:36,(anonymous_6)
FN:51,(anonymous_7)
FNF:8
FNH:0
FNDA:0,PerformerEditor
FNDA:0,(anonymous_1)
FNDA:0,(anonymous_2)
FNDA:0,(anonymous_3)
FNDA:0,(anonymous_4)
FNDA:0,(anonymous_5)
FNDA:0,(anonymous_6)
FNDA:0,(anonymous_7)
DA:6,0
DA:8,0
DA:9,0
DA:10,0
DA:11,0
DA:12,0
DA:15,0
DA:16,0
DA:19,0
DA:20,0
DA:23,0
DA:29,0
DA:36,0
DA:51,0
LF:14
LH:0
BRDA:5,0,0,0
BRDA:10,1,0,0
BRDA:10,1,1,0
BRDA:10,2,0,0
BRDA:10,2,1,0
BRDA:20,3,0,0
BRDA:20,3,1,0
BRDA:26,4,0,0
BRDA:26,4,1,0
BRDA:62,5,0,0
BRDA:62,5,1,0
BRF:11
BRH:0
end_of_record
TN:
SF:src\components\admin\ShowManager.jsx
FNF:0
FNH:0
LF:0
LH:0
BRF:0
BRH:0
end_of_record
TN:
SF:src\components\program\ActCard.jsx
FN:5,ActCard
FN:7,(anonymous_1)
FN:45,(anonymous_2)
FN:72,(anonymous_3)
FNF:4
FNH:0
FNDA:0,ActCard
FNDA:0,(anonymous_1)
FNDA:0,(anonymous_2)
FNDA:0,(anonymous_3)
DA:6,0
DA:7,0
DA:8,0
DA:10,0
DA:46,0
DA:47,0
DA:73,0
DA:74,0
LF:8
LH:0
BRDA:8,0,0,0
BRDA:8,0,1,0
BRDA:12,1,0,0
BRDA:12,1,1,0
BRDA:16,2,0,0
BRDA:16,2,1,0
BRDA:17,3,0,0
BRDA:17,3,1,0
BRDA:20,4,0,0
BRDA:20,4,1,0
BRDA:20,4,2,0
BRDA:27,5,0,0
BRDA:27,5,1,0
BRDA:29,6,0,0
BRDA:29,6,1,0
BRDA:37,7,0,0
BRDA:37,7,1,0
BRDA:37,8,0,0
BRDA:37,8,1,0
BRDA:51,9,0,0
BRDA:51,9,1,0
BRDA:53,10,0,0
BRDA:53,10,1,0
BRDA:56,11,0,0
BRDA:56,11,1,0
BRDA:58,12,0,0
BRDA:58,12,1,0
BRDA:61,13,0,0
BRDA:61,13,1,0
BRDA:67,14,0,0
BRDA:67,14,1,0
BRDA:70,15,0,0
BRDA:70,15,1,0
BRDA:78,16,0,0
BRDA:78,16,1,0
BRDA:78,16,2,0
BRDA:81,17,0,0
BRDA:81,17,1,0
BRDA:88,18,0,0
BRDA:88,18,1,0
BRDA:92,19,0,0
BRDA:92,19,1,0
BRDA:96,20,0,0
BRDA:96,20,1,0
BRF:44
BRH:0
end_of_record
TN:
SF:src\components\program\ActDetailModal.jsx
FN:5,ActDetailModal
FN:10,(anonymous_1)
FN:25,(anonymous_2)
FN:68,(anonymous_3)
FN:93,(anonymous_4)
FN:122,(anonymous_5)
FNF:6
FNH:0
FNDA:0,ActDetailModal
FNDA:0,(anonymous_1)
FNDA:0,(anonymous_2)
FNDA:0,(anonymous_3)
FNDA:0,(anonymous_4)
FNDA:0,(anonymous_5)
DA:6,0
DA:8,0
DA:10,0
DA:11,0
DA:12,0
DA:13,0
DA:16,0
DA:19,0
DA:25,0
DA:68,0
DA:94,0
DA:95,0
DA:122,0
LF:13
LH:0
BRDA:6,0,0,0
BRDA:6,0,1,0
BRDA:6,1,0,0
BRDA:6,1,1,0
BRDA:11,2,0,0
BRDA:11,2,1,0
BRDA:12,3,0,0
BRDA:12,3,1,0
BRDA:30,4,0,0
BRDA:30,4,1,0
BRDA:36,5,0,0
BRDA:36,5,1,0
BRDA:43,6,0,0
BRDA:43,6,1,0
BRDA:49,7,0,0
BRDA:49,7,1,0
BRDA:56,8,0,0
BRDA:56,8,1,0
BRDA:59,9,0,0
BRDA:59,9,1,0
BRDA:71,10,0,0
BRDA:71,10,1,0
BRDA:76,11,0,0
BRDA:76,11,1,0
BRDA:77,12,0,0
BRDA:77,12,1,0
BRDA:87,13,0,0
BRDA:87,13,1,0
BRDA:100,14,0,0
BRDA:100,14,1,0
BRDA:108,15,0,0
BRDA:108,15,1,0
BRDA:116,16,0,0
BRDA:116,16,1,0
BRDA:125,17,0,0
BRDA:125,17,1,0
BRDA:128,18,0,0
BRDA:128,18,1,0
BRF:38
BRH:0
end_of_record
TN:
SF:src\components\program\LiveTrackerHero.jsx
FN:4,LiveTrackerHero
FNF:1
FNH:0
FNDA:0,LiveTrackerHero
DA:6,0
DA:8,0
LF:2
LH:0
BRDA:6,0,0,0
BRDA:6,0,1,0
BRF:2
BRH:0
end_of_record
TN:
SF:src\components\program\ProgramView.jsx
FN:7,ProgramView
FN:15,(anonymous_1)
FN:18,(anonymous_2)
FN:18,(anonymous_3)
FN:22,(anonymous_4)
FN:28,(anonymous_5)
FN:40,(anonymous_6)
FN:46,(anonymous_7)
FN:49,(anonymous_8)
FN:54,(anonymous_9)
FN:66,(anonymous_10)
FN:97,(anonymous_11)
FN:157,(anonymous_12)
FN:164,(anonymous_13)
FN:172,(anonymous_14)
FNF:15
FNH:0
FNDA:0,ProgramView
FNDA:0,(anonymous_1)
FNDA:0,(anonymous_2)
FNDA:0,(anonymous_3)
FNDA:0,(anonymous_4)
FNDA:0,(anonymous_5)
FNDA:0,(anonymous_6)
FNDA:0,(anonymous_7)
FNDA:0,(anonymous_8)
FNDA:0,(anonymous_9)
FNDA:0,(anonymous_10)
FNDA:0,(anonymous_11)
FNDA:0,(anonymous_12)
FNDA:0,(anonymous_13)
FNDA:0,(anonymous_14)
DA:8,0
DA:9,0
DA:10,0
DA:11,0
DA:12,0
DA:13,0
DA:15,0
DA:16,0
DA:17,0
DA:18,0
DA:19,0
DA:22,0
DA:23,0
DA:24,0
DA:28,0
DA:29,0
DA:31,0
DA:32,0
DA:35,0
DA:38,0
DA:40,0
DA:41,0
DA:44,0
DA:46,0
DA:49,0
DA:50,0
DA:51,0
DA:54,0
DA:55,0
DA:56,0
DA:57,0
DA:58,0
DA:59,0
DA:60,0
DA:61,0
DA:64,0
DA:65,0
DA:66,0
DA:69,0
DA:70,0
DA:85,0
DA:97,0
DA:158,0
DA:164,0
DA:172,0
LF:45
LH:0
BRDA:16,0,0,0
BRDA:16,0,1,0
BRDA:23,1,0,0
BRDA:23,1,1,0
BRDA:23,2,0,0
BRDA:23,2,1,0
BRDA:29,3,0,0
BRDA:29,3,1,0
BRDA:29,4,0,0
BRDA:29,4,1,0
BRDA:32,5,0,0
BRDA:32,5,1,0
BRDA:38,6,0,0
BRDA:38,6,1,0
BRDA:57,7,0,0
BRDA:57,7,1,0
BRDA:58,8,0,0
BRDA:58,8,1,0
BRDA:59,9,0,0
BRDA:59,9,1,0
BRDA:60,10,0,0
BRDA:60,10,1,0
BRDA:61,11,0,0
BRDA:61,11,1,0
BRDA:69,12,0,0
BRDA:69,12,1,0
BRDA:106,13,0,0
BRDA:106,13,1,0
BRDA:112,14,0,0
BRDA:112,14,1,0
BRDA:121,15,0,0
BRDA:121,15,1,0
BRDA:133,16,0,0
BRDA:133,16,1,0
BRDA:143,17,0,0
BRDA:143,17,1,0
BRDA:143,17,2,0
BRDA:161,18,0,0
BRDA:161,18,1,0
BRDA:175,19,0,0
BRDA:175,19,1,0
BRDA:175,19,2,0
BRF:42
BRH:0
end_of_record
TN:
SF:src\components\schedule\MyScheduleView.jsx
FN:7,MyScheduleView
FN:11,(anonymous_1)
FN:15,(anonymous_2)
FN:17,(anonymous_3)
FN:19,(anonymous_4)
FN:21,(anonymous_5)
FN:27,(anonymous_6)
FN:30,(anonymous_7)
FN:31,(anonymous_8)
FN:113,(anonymous_9)
FN:164,(anonymous_10)
FN:179,(anonymous_11)
FNF:12
FNH:0
FNDA:0,MyScheduleView
FNDA:0,(anonymous_1)
FNDA:0,(anonymous_2)
FNDA:0,(anonymous_3)
FNDA:0,(anonymous_4)
FNDA:0,(anonymous_5)
FNDA:0,(anonymous_6)
FNDA:0,(anonymous_7)
FNDA:0,(anonymous_8)
FNDA:0,(anonymous_9)
FNDA:0,(anonymous_10)
FNDA:0,(anonymous_11)
DA:8,0
DA:11,0
DA:12,0
DA:14,0
DA:16,0
DA:17,0
DA:19,0
DA:21,0
DA:27,0
DA:28,0
DA:29,0
DA:30,0
DA:31,0
DA:33,0
DA:40,0
DA:41,0
DA:49,0
DA:50,0
DA:79,0
DA:114,0
DA:115,0
DA:116,0
DA:118,0
DA:164,0
DA:180,0
LF:25
LH:0
BRDA:12,0,0,0
BRDA:12,0,1,0
BRDA:12,1,0,0
BRDA:12,1,1,0
BRDA:12,1,2,0
BRDA:16,2,0,0
BRDA:16,2,1,0
BRDA:21,3,0,0
BRDA:21,3,1,0
BRDA:28,4,0,0
BRDA:28,4,1,0
BRDA:40,5,0,0
BRDA:40,5,1,0
BRDA:49,6,0,0
BRDA:49,6,1,0
BRDA:101,7,0,0
BRDA:101,7,1,0
BRDA:114,8,0,0
BRDA:114,8,1,0
BRDA:115,9,0,0
BRDA:115,9,1,0
BRDA:116,10,0,0
BRDA:116,10,1,0
BRDA:123,11,0,0
BRDA:123,11,1,0
BRDA:125,12,0,0
BRDA:125,12,1,0
BRDA:132,13,0,0
BRDA:132,13,1,0
BRDA:134,14,0,0
BRDA:134,14,1,0
BRDA:142,15,0,0
BRDA:142,15,1,0
BRDA:151,16,0,0
BRDA:151,16,1,0
BRDA:155,17,0,0
BRDA:155,17,1,0
BRDA:167,18,0,0
BRDA:167,18,1,0
BRDA:170,19,0,0
BRDA:170,19,1,0
BRDA:175,20,0,0
BRDA:175,20,1,0
BRDA:184,21,0,0
BRDA:184,21,1,0
BRDA:197,22,0,0
BRDA:197,22,1,0
BRDA:200,23,0,0
BRDA:200,23,1,0
BRDA:202,24,0,0
BRDA:202,24,1,0
BRF:51
BRH:0
end_of_record
TN:
SF:src\components\search\SearchActView.jsx
FN:8,SearchActView
FN:11,(anonymous_1)
FN:15,(anonymous_2)
FN:28,(anonymous_3)
FN:31,(anonymous_4)
FN:34,(anonymous_5)
FN:37,(anonymous_6)
FN:41,(anonymous_7)
FN:43,(anonymous_8)
FN:45,(anonymous_9)
FN:72,(anonymous_10)
FN:91,(anonymous_11)
FN:92,(anonymous_12)
FN:114,(anonymous_13)
FN:115,(anonymous_14)
FN:129,(anonymous_15)
FNF:16
FNH:0
FNDA:0,SearchActView
FNDA:0,(anonymous_1)
FNDA:0,(anonymous_2)
FNDA:0,(anonymous_3)
FNDA:0,(anonymous_4)
FNDA:0,(anonymous_5)
FNDA:0,(anonymous_6)
FNDA:0,(anonymous_7)
FNDA:0,(anonymous_8)
FNDA:0,(anonymous_9)
FNDA:0,(anonymous_10)
FNDA:0,(anonymous_11)
FNDA:0,(anonymous_12)
FNDA:0,(anonymous_13)
FNDA:0,(anonymous_14)
FNDA:0,(anonymous_15)
DA:9,0
DA:10,0
DA:11,0
DA:12,0
DA:13,0
DA:15,0
DA:16,0
DA:17,0
DA:18,0
DA:19,0
DA:20,0
DA:21,0
DA:22,0
DA:23,0
DA:26,0
DA:27,0
DA:28,0
DA:31,0
DA:32,0
DA:33,0
DA:34,0
DA:35,0
DA:37,0
DA:41,0
DA:42,0
DA:43,0
DA:44,0
DA:45,0
DA:49,0
DA:50,0
DA:61,0
DA:72,0
DA:92,0
DA:115,0
DA:129,0
LF:35
LH:0
BRDA:11,0,0,0
BRDA:11,0,1,0
BRDA:18,1,0,0
BRDA:18,1,1,0
BRDA:19,2,0,0
BRDA:19,2,1,0
BRDA:20,3,0,0
BRDA:20,3,1,0
BRDA:21,4,0,0
BRDA:21,4,1,0
BRDA:22,5,0,0
BRDA:22,5,1,0
BRDA:32,6,0,0
BRDA:32,6,1,0
BRDA:32,7,0,0
BRDA:32,7,1,0
BRDA:35,8,0,0
BRDA:35,8,1,0
BRDA:35,8,2,0
BRDA:42,9,0,0
BRDA:42,9,1,0
BRDA:42,10,0,0
BRDA:42,10,1,0
BRDA:44,11,0,0
BRDA:44,11,1,0
BRDA:49,12,0,0
BRDA:49,12,1,0
BRDA:49,13,0,0
BRDA:49,13,1,0
BRDA:79,14,0,0
BRDA:79,14,1,0
BRDA:83,15,0,0
BRDA:83,15,1,0
BRDA:83,15,2,0
BRDA:84,16,0,0
BRDA:84,16,1,0
BRDA:88,17,0,0
BRDA:88,17,1,0
BRDA:89,18,0,0
BRDA:89,18,1,0
BRDA:92,19,0,0
BRDA:92,19,1,0
BRDA:103,20,0,0
BRDA:103,20,1,0
BRDA:107,21,0,0
BRDA:107,21,1,0
BRDA:115,22,0,0
BRDA:115,22,1,0
BRDA:129,23,0,0
BRDA:129,23,1,0
BRDA:129,23,2,0
BRF:51
BRH:0
end_of_record
TN:
SF:src\components\search\SearchDancerView.jsx
FN:7,SearchDancerView
FN:10,(anonymous_1)
FN:13,(anonymous_2)
FN:26,(anonymous_3)
FN:29,(anonymous_4)
FN:33,(anonymous_5)
FN:34,(anonymous_6)
FN:41,(anonymous_7)
FN:41,(anonymous_8)
FN:44,(anonymous_9)
FN:47,(anonymous_10)
FN:48,(anonymous_11)
FN:55,(anonymous_12)
FN:55,(anonymous_13)
FN:70,(anonymous_14)
FN:95,(anonymous_15)
FN:105,(anonymous_16)
FN:131,(anonymous_17)
FN:150,(anonymous_18)
FN:171,(anonymous_19)
FNF:20
FNH:0
FNDA:0,SearchDancerView
FNDA:0,(anonymous_1)
FNDA:0,(anonymous_2)
FNDA:0,(anonymous_3)
FNDA:0,(anonymous_4)
FNDA:0,(anonymous_5)
FNDA:0,(anonymous_6)
FNDA:0,(anonymous_7)
FNDA:0,(anonymous_8)
FNDA:0,(anonymous_9)
FNDA:0,(anonymous_10)
FNDA:0,(anonymous_11)
FNDA:0,(anonymous_12)
FNDA:0,(anonymous_13)
FNDA:0,(anonymous_14)
FNDA:0,(anonymous_15)
FNDA:0,(anonymous_16)
FNDA:0,(anonymous_17)
FNDA:0,(anonymous_18)
FNDA:0,(anonymous_19)
DA:8,0
DA:9,0
DA:10,0
DA:11,0
DA:13,0
DA:14,0
DA:15,0
DA:16,0
DA:17,0
DA:18,0
DA:19,0
DA:20,0
DA:21,0
DA:24,0
DA:25,0
DA:26,0
DA:29,0
DA:30,0
DA:31,0
DA:32,0
DA:33,0
DA:34,0
DA:35,0
DA:36,0
DA:37,0
DA:41,0
DA:44,0
DA:45,0
DA:46,0
DA:47,0
DA:48,0
DA:49,0
DA:50,0
DA:51,0
DA:55,0
DA:58,0
DA:59,0
DA:70,0
DA:71,0
DA:72,0
DA:95,0
DA:106,0
DA:121,0
DA:131,0
DA:150,0
DA:171,0
LF:46
LH:0
BRDA:10,0,0,0
BRDA:10,0,1,0
BRDA:16,1,0,0
BRDA:16,1,1,0
BRDA:17,2,0,0
BRDA:17,2,1,0
BRDA:18,3,0,0
BRDA:18,3,1,0
BRDA:19,4,0,0
BRDA:19,4,1,0
BRDA:20,5,0,0
BRDA:20,5,1,0
BRDA:30,6,0,0
BRDA:30,6,1,0
BRDA:30,7,0,0
BRDA:30,7,1,0
BRDA:35,8,0,0
BRDA:35,8,1,0
BRDA:36,9,0,0
BRDA:36,9,1,0
BRDA:45,10,0,0
BRDA:45,10,1,0
BRDA:45,11,0,0
BRDA:45,11,1,0
BRDA:49,12,0,0
BRDA:49,12,1,0
BRDA:50,13,0,0
BRDA:50,13,1,0
BRDA:58,14,0,0
BRDA:58,14,1,0
BRDA:58,15,0,0
BRDA:58,15,1,0
BRDA:75,16,0,0
BRDA:75,16,1,0
BRDA:83,17,0,0
BRDA:83,17,1,0
BRDA:88,18,0,0
BRDA:88,18,1,0
BRDA:91,19,0,0
BRDA:91,19,1,0
BRDA:98,20,0,0
BRDA:98,20,1,0
BRDA:101,21,0,0
BRDA:101,21,1,0
BRDA:109,22,0,0
BRDA:109,22,1,0
BRDA:138,23,0,0
BRDA:138,23,1,0
BRDA:142,24,0,0
BRDA:142,24,1,0
BRDA:142,24,2,0
BRDA:143,25,0,0
BRDA:143,25,1,0
BRDA:147,26,0,0
BRDA:147,26,1,0
BRDA:148,27,0,0
BRDA:148,27,1,0
BRDA:160,28,0,0
BRDA:160,28,1,0
BRDA:164,29,0,0
BRDA:164,29,1,0
BRF:61
BRH:0
end_of_record
TN:
SF:src\components\ui\FloatingButtons.jsx
FN:4,FloatingButtons
FN:7,(anonymous_1)
FN:8,(anonymous_2)
FN:10,(anonymous_3)
FN:13,(anonymous_4)
FN:15,(anonymous_5)
FNF:6
FNH:0
FNDA:0,FloatingButtons
FNDA:0,(anonymous_1)
FNDA:0,(anonymous_2)
FNDA:0,(anonymous_3)
FNDA:0,(anonymous_4)
FNDA:0,(anonymous_5)
DA:5,0
DA:7,0
DA:8,0
DA:9,0
DA:10,0
DA:13,0
DA:15,0
DA:16,0
DA:17,0
DA:20,0
LF:10
LH:0
BRDA:17,0,0,0
BRDA:17,0,1,0
BRDA:22,1,0,0
BRDA:22,1,1,0
BRDA:31,2,0,0
BRDA:31,2,1,0
BRF:6
BRH:0
end_of_record
TN:
SF:src\components\ui\LoginPromptModal.jsx
FN:4,LoginPromptModal
FN:18,(anonymous_1)
FNF:2
FNH:0
FNDA:0,LoginPromptModal
FNDA:0,(anonymous_1)
DA:5,0
DA:7,0
DA:18,0
LF:3
LH:0
BRDA:5,0,0,0
BRDA:5,0,1,0
BRF:2
BRH:0
end_of_record
TN:
SF:src\components\ui\NavButton.jsx
FN:5,NavButton
FNF:1
FNH:0
FNDA:0,NavButton
DA:6,0
LF:1
LH:0
BRDA:11,0,0,0
BRDA:11,0,1,0
BRDA:18,1,0,0
BRDA:18,1,1,0
BRDA:20,2,0,0
BRDA:20,2,1,0
BRDA:26,3,0,0
BRDA:26,3,1,0
BRF:8
BRH:0
end_of_record
TN:
SF:src\components\ui\ShowSelector.jsx
FN:5,ShowSelector
FN:9,(anonymous_1)
FN:10,handleClickOutside
FN:16,(anonymous_3)
FN:28,(anonymous_4)
FN:69,(anonymous_5)
FN:72,(anonymous_6)
FNF:7
FNH:0
FNDA:0,ShowSelector
FNDA:0,(anonymous_1)
FNDA:0,handleClickOutside
FNDA:0,(anonymous_3)
FNDA:0,(anonymous_4)
FNDA:0,(anonymous_5)
FNDA:0,(anonymous_6)
DA:6,0
DA:7,0
DA:9,0
DA:11,0
DA:12,0
DA:15,0
DA:16,0
DA:19,0
DA:23,0
DA:28,0
DA:70,0
DA:72,0
LF:12
LH:0
BRDA:11,0,0,0
BRDA:11,0,1,0
BRDA:11,1,0,0
BRDA:11,1,1,0
BRDA:19,2,0,0
BRDA:19,2,1,0
BRDA:19,3,0,0
BRDA:19,3,1,0
BRDA:31,4,0,0
BRDA:31,4,1,0
BRDA:38,5,0,0
BRDA:38,5,1,0
BRDA:52,6,0,0
BRDA:52,6,1,0
BRDA:58,7,0,0
BRDA:58,7,1,0
BRDA:65,8,0,0
BRDA:65,8,1,0
BRDA:68,9,0,0
BRDA:68,9,1,0
BRDA:68,10,0,0
BRDA:68,10,1,0
BRDA:75,11,0,0
BRDA:75,11,1,0
BRDA:81,12,0,0
BRDA:81,12,1,0
BRF:26
BRH:0
end_of_record
TN:
SF:src\components\ui\SidebarLink.jsx
FN:5,SidebarLink
FNF:1
FNH:0
FNDA:0,SidebarLink
DA:6,0
LF:1
LH:0
BRDA:11,0,0,0
BRDA:11,0,1,0
BRDA:18,1,0,0
BRDA:18,1,1,0
BRDA:21,2,0,0
BRDA:21,2,1,0
BRDA:25,3,0,0
BRDA:25,3,1,0
BRF:8
BRH:0
end_of_record
TN:
SF:src\components\ui\StickyHeader.jsx
FN:4,StickyHeader
FN:20,(anonymous_1)
FN:26,(anonymous_2)
FNF:3
FNH:0
FNDA:0,StickyHeader
FNDA:0,(anonymous_1)
FNDA:0,(anonymous_2)
DA:5,0
DA:7,0
DA:20,0
DA:26,0
LF:4
LH:0
BRDA:5,0,0,0
BRDA:5,0,1,0
BRDA:17,1,0,0
BRDA:17,1,1,0
BRF:4
BRH:0
end_of_record
TN:
SF:src\context\AppContext.jsx
FN:8,AppProvider
FN:15,(anonymous_1)
FN:17,(anonymous_2)
FN:22,(anonymous_3)
FN:26,(anonymous_4)
FN:33,(anonymous_5)
FN:53,(anonymous_6)
FN:60,(anonymous_7)
FN:84,(anonymous_8)
FN:95,(anonymous_9)
FN:97,(anonymous_10)
FN:105,(anonymous_11)
FN:114,(anonymous_12)
FN:120,(anonymous_13)
FN:128,(anonymous_14)
FN:135,(anonymous_15)
FN:140,(anonymous_16)
FN:160,(anonymous_17)
FNF:18
FNH:14
FNDA:47,AppProvider
FNDA:15,(anonymous_1)
FNDA:15,(anonymous_2)
FNDA:15,(anonymous_3)
FNDA:0,(anonymous_4)
FNDA:15,(anonymous_5)
FNDA:15,(anonymous_6)
FNDA:10,(anonymous_7)
FNDA:15,(anonymous_8)
FNDA:26,(anonymous_9)
FNDA:0,(anonymous_10)
FNDA:0,(anonymous_11)
FNDA:5,(anonymous_12)
FNDA:4,(anonymous_13)
FNDA:0,(anonymous_14)
FNDA:1,(anonymous_15)
FNDA:1,(anonymous_16)
FNDA:47,(anonymous_17)
DA:6,1
DA:10,47
DA:11,47
DA:12,47
DA:13,47
DA:14,47
DA:15,47
DA:16,47
DA:17,47
DA:18,47
DA:19,47
DA:22,47
DA:23,15
DA:26,15
DA:27,0
DA:28,0
DA:29,0
DA:33,15
DA:34,15
DA:35,15
DA:36,10
DA:38,5
DA:39,5
DA:40,5
DA:41,5
DA:44,0
DA:46,15
DA:47,15
DA:48,15
DA:53,15
DA:54,15
DA:55,15
DA:56,15
DA:60,47
DA:61,10
DA:62,10
DA:63,10
DA:64,10
DA:67,10
DA:68,10
DA:70,10
DA:71,3
DA:73,7
DA:77,10
DA:84,47
DA:85,15
DA:86,0
DA:88,15
DA:89,15
DA:90,15
DA:95,47
DA:96,26
DA:97,0
DA:98,0
DA:99,0
DA:100,0
DA:101,0
DA:102,0
DA:103,0
DA:104,0
DA:105,0
DA:107,0
DA:110,0
DA:114,47
DA:115,5
DA:116,1
DA:117,1
DA:120,4
DA:121,4
DA:122,4
DA:123,3
DA:125,4
DA:126,4
DA:127,4
DA:128,0
DA:130,4
DA:132,4
DA:135,47
DA:136,1
DA:137,1
DA:140,47
DA:141,1
DA:142,1
DA:145,47
DA:153,47
DA:160,1
DA:161,47
LF:87
LH:70
BRDA:17,0,0,15
BRDA:17,0,1,15
BRDA:27,1,0,0
BRDA:27,1,1,0
BRDA:35,2,0,10
BRDA:35,2,1,5
BRDA:46,3,0,15
BRDA:46,3,1,0
BRDA:62,4,0,10
BRDA:62,4,1,10
BRDA:70,5,0,3
BRDA:70,5,1,7
BRDA:70,6,0,10
BRDA:70,6,1,4
BRDA:85,7,0,0
BRDA:85,7,1,15
BRDA:96,8,0,26
BRDA:96,8,1,0
BRDA:100,9,0,0
BRDA:100,9,1,0
BRDA:102,10,0,0
BRDA:102,10,1,0
BRDA:103,11,0,0
BRDA:103,11,1,0
BRDA:105,12,0,0
BRDA:105,12,1,0
BRDA:115,13,0,1
BRDA:115,13,1,4
BRDA:122,14,0,1
BRDA:122,14,1,3
BRF:30
BRH:17
end_of_record
TN:
SF:src\hooks\useLiveTracker.js
FN:7,useLiveTracker
FN:14,(anonymous_1)
FN:26,(anonymous_2)
FN:34,(anonymous_3)
FN:45,(anonymous_4)
FN:82,(anonymous_5)
FN:86,(anonymous_6)
FN:94,(anonymous_7)
FN:102,(anonymous_8)
FN:111,(anonymous_9)
FN:115,(anonymous_10)
FN:127,(anonymous_11)
FNF:12
FNH:12
FNDA:35,useLiveTracker
FNDA:12,(anonymous_1)
FNDA:7,(anonymous_2)
FNDA:6,(anonymous_3)
FNDA:5,(anonymous_4)
FNDA:10,(anonymous_5)
FNDA:19,(anonymous_6)
FNDA:3,(anonymous_7)
FNDA:2,(anonymous_8)
FNDA:6,(anonymous_9)
FNDA:2,(anonymous_10)
FNDA:1,(anonymous_11)
DA:8,35
DA:9,35
DA:10,35
DA:11,35
DA:14,35
DA:15,12
DA:16,2
DA:17,2
DA:18,2
DA:21,10
DA:24,10
DA:26,10
DA:27,7
DA:28,7
DA:29,1
DA:30,1
DA:31,1
DA:34,6
DA:37,6
DA:38,6
DA:39,6
DA:44,6
DA:45,6
DA:51,6
DA:58,6
DA:59,6
DA:62,6
DA:63,6
DA:64,6
DA:65,6
DA:66,6
DA:71,6
DA:73,6
DA:76,0
DA:78,7
DA:82,10
DA:86,35
DA:87,19
DA:88,13
DA:89,13
DA:92,6
DA:94,6
DA:95,3
DA:96,1
DA:97,1
DA:100,2
DA:101,2
DA:102,3
DA:104,3
DA:111,6
DA:115,35
DA:116,2
DA:118,1
DA:127,35
DA:128,1
DA:130,1
DA:138,35
LF:57
LH:56
BRDA:15,0,0,2
BRDA:15,0,1,10
BRDA:28,1,0,1
BRDA:28,1,1,6
BRDA:48,2,0,5
BRDA:48,2,1,1
BRDA:71,3,0,4
BRDA:71,3,1,2
BRDA:87,4,0,13
BRDA:87,4,1,6
BRDA:87,5,0,19
BRDA:87,5,1,17
BRDA:87,5,2,13
BRDA:87,5,3,6
BRDA:95,6,0,1
BRDA:95,6,1,2
BRDA:101,7,0,2
BRDA:101,7,1,0
BRDA:106,8,0,1
BRDA:106,8,1,1
BRDA:107,9,0,3
BRDA:107,9,1,0
BRDA:116,10,0,1
BRDA:116,10,1,1
BRDA:116,11,0,2
BRDA:116,11,1,1
BRDA:128,12,0,0
BRDA:128,12,1,1
BRDA:128,13,0,1
BRDA:128,13,1,1
BRF:30
BRH:27
end_of_record
